Start testing: Nov 02 19:57 PST
----------------------------------------------------------
1/2 Testing: BP.failtest
1/2 Test: BP.failtest
Command: "/home/atran/Documents/Projects/LinearModel/build/tests/failtest" "--force-colors=true"
Directory: /home/atran/Documents/Projects/LinearModel/build/tests
"BP.failtest" start time: Nov 02 19:57 PST
Output:
----------------------------------------------------------
[0;36m[doctest] [0mdoctest version is "2.4.12"
[0;36m[doctest] [0mrun with "--help" for options
[0;33m===============================================================================
[0;37m/home/atran/Documents/Projects/LinearModel/tests/failtest.cpp:6:
[0;33mTEST CASE:  [0mtesting the factorial function

[0;37m/home/atran/Documents/Projects/LinearModel/tests/failtest.cpp:7: [0;31mERROR: [0;36mCHECK( factorial(0) == 1 ) [0mis NOT correct!
  values: CHECK( 0 == 1 )

[0m[0;33m===============================================================================
[0;37m/home/atran/Documents/Projects/LinearModel/tests/failtest.cpp:14:
[0;33mTEST CASE:  [0mTrigger ASan

[0;37m/home/atran/Documents/Projects/LinearModel/tests/failtest.cpp:19: [0;31mFATAL ERROR: [0;36mREQUIRE( false ) [0mis NOT correct!
  values: REQUIRE( false )

[0m[0;33m===============================================================================
[0;36m[doctest] [0mtest cases: 2 | [0m0 passed[0m | [0;31m2 failed[0m | [0m0 skipped[0m
[0;36m[doctest] [0massertions: 6 | [0m4 passed[0m | [0;31m2 failed[0m |
[0;36m[doctest] [0mStatus: [0;31mFAILURE![0m
<end of output>
Test time =   0.00 sec
----------------------------------------------------------
Test Passed.
"BP.failtest" end time: Nov 02 19:57 PST
"BP.failtest" time elapsed: 00:00:00
----------------------------------------------------------

2/2 Testing: BP.successtest
2/2 Test: BP.successtest
Command: "/home/atran/Documents/Projects/LinearModel/build/tests/successtest" "--force-colors=true"
Directory: /home/atran/Documents/Projects/LinearModel/build/tests
"BP.successtest" start time: Nov 02 19:57 PST
Output:
----------------------------------------------------------
[0;36m[doctest] [0mdoctest version is "2.4.12"
[0;36m[doctest] [0mrun with "--help" for options
[0mThis is the default behaviour and will be tested
[0m[0;33m===============================================================================
[0;36m[doctest] [0mtest cases: 2 | [0;32m2 passed[0m | [0m0 failed[0m | [0m0 skipped[0m
[0;36m[doctest] [0massertions: 2 | [0;32m2 passed[0m | [0m0 failed[0m |
[0;36m[doctest] [0mStatus: [0;32mSUCCESS![0m
<end of output>
Test time =   0.00 sec
----------------------------------------------------------
Test Passed.
"BP.successtest" end time: Nov 02 19:57 PST
"BP.successtest" time elapsed: 00:00:00
----------------------------------------------------------

End testing: Nov 02 19:57 PST
